INFO:root:------Sample data index for which gradient is computed : 39160------
INFO:root:------Finite difference gradient for first 10 parameters for epsilon 0.02------
INFO:root:True gradient : [-4.27596173e-05 -7.64855126e-05 -2.34876771e-05 -2.98112825e-05
 -6.89574110e-05 -6.53439222e-05 -1.83685680e-05 -0.00000000e+00
 -0.00000000e+00 -0.00000000e+00]
INFO:root:Finite difference gradient : [-4.2553780721377166e-05, -7.585653851727159e-05, -2.3487682199174742e-05, -2.976828636924722e-05, -6.842275834806344e-05, -6.48545705583814e-05, -1.8368570398052952e-05, 0.0, 0.0, 0.0]
INFO:root:------Finite difference gradient for first 10 parameters for epsilon 0.002------
INFO:root:True gradient : [-4.27596173e-05 -7.64855126e-05 -2.34876771e-05 -2.98112825e-05
 -6.89574110e-05 -6.53439222e-05 -1.83685680e-05 -0.00000000e+00
 -0.00000000e+00 -0.00000000e+00]
INFO:root:Finite difference gradient : [-4.2759617624454904e-05, -7.648551436645334e-05, -2.348767713655775e-05, -2.9811282775682457e-05, -6.895741222479046e-05, -6.534392360535435e-05, -1.836856799997122e-05, 0.0, 0.0, 0.0]
INFO:root:------Finite difference gradient for first 10 parameters for epsilon 0.001------
INFO:root:True gradient : [-4.27596173e-05 -7.64855126e-05 -2.34876771e-05 -2.98112825e-05
 -6.89574110e-05 -6.53439222e-05 -1.83685680e-05 -0.00000000e+00
 -0.00000000e+00 -0.00000000e+00]
INFO:root:Finite difference gradient : [-4.2759617180365694e-05, -7.648551303418571e-05, -2.348767669246854e-05, -2.9811282331593247e-05, -6.895741133661204e-05, -6.534392227308672e-05, -1.836856799997122e-05, 0.0, 0.0, 0.0]
INFO:root:------Finite difference gradient for first 10 parameters for epsilon 0.0001------
INFO:root:True gradient : [-4.27596173e-05 -7.64855126e-05 -2.34876771e-05 -2.98112825e-05
 -6.89574110e-05 -6.53439222e-05 -1.83685680e-05 -0.00000000e+00
 -0.00000000e+00 -0.00000000e+00]
INFO:root:Finite difference gradient : [-4.2759618068544114e-05, -7.648551125782888e-05, -2.348767402793328e-05, -2.9811282331593247e-05, -6.895741755386098e-05, -6.53439258258004e-05, -1.836856888814964e-05, 0.0, 0.0, 0.0]
INFO:root:------Finite difference gradient for first 10 parameters for epsilon 1e-05------
INFO:root:True gradient : [-4.27596173e-05 -7.64855126e-05 -2.34876771e-05 -2.98112825e-05
 -6.89574110e-05 -6.53439222e-05 -1.83685680e-05 -0.00000000e+00
 -0.00000000e+00 -0.00000000e+00]
INFO:root:Finite difference gradient : [-4.275957365962312e-05, -7.648557343031825e-05, -2.348770067328587e-05, -2.981135338586682e-05, -6.895737314493999e-05, -6.5343908062232e-05, -1.836859553350223e-05, 0.0, 0.0, 0.0]
INFO:root:Maximum gradient difference: [6.289741283509084e-07, 1.7208308481517567e-12, 4.191793125715021e-13, 6.5465871520445015e-12, 7.089800608370994e-11]
