INFO:root:-------------train loss for Zero initialization of weights------------
INFO:root:Epoch 0 train loss for Zero initialization of weights: 2.3025115838623047
INFO:root:Epoch 1 train loss for Zero initialization of weights: 2.3023672994995117
INFO:root:Epoch 2 train loss for Zero initialization of weights: 2.302236756286621
INFO:root:Epoch 3 train loss for Zero initialization of weights: 2.302118706970215
INFO:root:Epoch 4 train loss for Zero initialization of weights: 2.302011971130371
INFO:root:Epoch 5 train loss for Zero initialization of weights: 2.30191545501709
INFO:root:Epoch 6 train loss for Zero initialization of weights: 2.301828239440918
INFO:root:Epoch 7 train loss for Zero initialization of weights: 2.3017494232177733
INFO:root:Epoch 8 train loss for Zero initialization of weights: 2.3016781939697264
INFO:root:Epoch 9 train loss for Zero initialization of weights: 2.3016138442993164
INFO:root:-------------train loss for Normal initialization of weights------------
INFO:root:Epoch 0 train loss for Normal initialization of weights: 685.2612630950857
INFO:root:Epoch 1 train loss for Normal initialization of weights: 324.28905536800073
INFO:root:Epoch 2 train loss for Normal initialization of weights: 276.41841176096375
INFO:root:Epoch 3 train loss for Normal initialization of weights: 252.5300460513386
INFO:root:Epoch 4 train loss for Normal initialization of weights: 237.14834286111497
INFO:root:Epoch 5 train loss for Normal initialization of weights: 226.3378698212057
INFO:root:Epoch 6 train loss for Normal initialization of weights: 218.43702613023234
INFO:root:Epoch 7 train loss for Normal initialization of weights: 211.98731183981977
INFO:root:Epoch 8 train loss for Normal initialization of weights: 206.95669658541397
INFO:root:Epoch 9 train loss for Normal initialization of weights: 202.02262724678278
INFO:root:-------------train loss for Glorot initialization of weights------------
INFO:root:Epoch 0 train loss for Glorot initialization of weights: 2.272119010941832
INFO:root:Epoch 1 train loss for Glorot initialization of weights: 2.198814519951604
INFO:root:Epoch 2 train loss for Glorot initialization of weights: 2.132714894601959
INFO:root:Epoch 3 train loss for Glorot initialization of weights: 2.0713640530914827
INFO:root:Epoch 4 train loss for Glorot initialization of weights: 2.01468221205675
INFO:root:Epoch 5 train loss for Glorot initialization of weights: 1.9624636856059166
INFO:root:Epoch 6 train loss for Glorot initialization of weights: 1.9143980757992811
INFO:root:Epoch 7 train loss for Glorot initialization of weights: 1.87010214156002
INFO:root:Epoch 8 train loss for Glorot initialization of weights: 1.8292234430743923
INFO:root:Epoch 9 train loss for Glorot initialization of weights: 1.7913768932427288
